# JRE version: OpenJDK Runtime Environment (8.0_60-b24) (build 1.8.0_60-b24)
# Java VM: OpenJDK 64-Bit Server VM (25.60-b23 mixed mode linux-amd64 compressed oops)
Heap:
 PSYoungGen      total 830976K, used 78032K [0x000000078c780000, 0x00000007bff80000, 0x00000007c0000000)
  eden space 817664K, 8% used [0x000000078c780000,0x0000000790b4de60,0x00000007be600000)
  from space 13312K, 64% used [0x00000007be600000,0x00000007bee662f8,0x00000007bf300000)
  to   space 12800K, 0% used [0x00000007bf300000,0x00000007bf300000,0x00000007bff80000)
 ParOldGen       total 160768K, used 43663K [0x0000000725600000, 0x000000072f300000, 0x000000078c780000)
  object space 160768K, 27% used [0x0000000725600000,0x00000007280a3e10,0x000000072f300000)
 Metaspace       used 51253K, capacity 72389K, committed 72448K, reserved 1099776K
  class space    used 14210K, capacity 21496K, committed 21504K, reserved 1048576K
GC Heap History (10 events):
Event: 12,551 GC heap before
{Heap before GC invocations=12 (full 2):
 PSYoungGen      total 647680K, used 636928K [0x000000078c780000, 0x00000007c0000000, 0x00000007c0000000)
  eden space 636928K, 100% used [0x000000078c780000,0x00000007b3580000,0x00000007b3580000)
  from space 10752K, 0% used [0x00000007b3580000,0x00000007b3580000,0x00000007b4000000)
  to   space 11264K, 0% used [0x00000007bf500000,0x00000007bf500000,0x00000007c0000000)
 ParOldGen       total 110592K, used 25659K [0x0000000725600000, 0x000000072c200000, 0x000000078c780000)
  object space 110592K, 23% used [0x0000000725600000,0x0000000726f0efd8,0x000000072c200000)
 Metaspace       used 38494K, capacity 51073K, committed 51328K, reserved 1085440K
  class space    used 10256K, capacity 14680K, committed 14720K, reserved 1048576K
Event: 12,568 GC heap after
Heap after GC invocations=12 (full 2):
 PSYoungGen      total 829952K, used 11260K [0x000000078c780000, 0x00000007c0000000, 0x00000007c0000000)
  eden space 818688K, 0% used [0x000000078c780000,0x000000078c780000,0x00000007be700000)
  from space 11264K, 99% used [0x00000007bf500000,0x00000007bffff320,0x00000007c0000000)
  to   space 12800K, 0% used [0x00000007be700000,0x00000007be700000,0x00000007bf380000)
 ParOldGen       total 110592K, used 26703K [0x0000000725600000, 0x000000072c200000, 0x000000078c780000)
  object space 110592K, 24% used [0x0000000725600000,0x0000000727013d38,0x000000072c200000)
 Metaspace       used 38494K, capacity 51073K, committed 51328K, reserved 1085440K
  class space    used 10256K, capacity 14680K, committed 14720K, reserved 1048576K
}
Event: 14,051 GC heap before
{Heap before GC invocations=13 (full 2):
 PSYoungGen      total 829952K, used 829948K [0x000000078c780000, 0x00000007c0000000, 0x00000007c0000000)
  eden space 818688K, 100% used [0x000000078c780000,0x00000007be700000,0x00000007be700000)
  from space 11264K, 99% used [0x00000007bf500000,0x00000007bffff320,0x00000007c0000000)
  to   space 12800K, 0% used [0x00000007be700000,0x00000007be700000,0x00000007bf380000)
 ParOldGen       total 110592K, used 26703K [0x0000000725600000, 0x000000072c200000, 0x000000078c780000)
  object space 110592K, 24% used [0x0000000725600000,0x0000000727013d38,0x000000072c200000)
 Metaspace       used 41084K, capacity 55075K, committed 55168K, reserved 1087488K
  class space    used 11203K, capacity 16255K, committed 16256K, reserved 1048576K
Event: 14,071 GC heap after
Heap after GC invocations=13 (full 2):
 PSYoungGen      total 831488K, used 7220K [0x000000078c780000, 0x00000007c0000000, 0x00000007c0000000)
  eden space 818688K, 0% used [0x000000078c780000,0x000000078c780000,0x00000007be700000)
  from space 12800K, 56% used [0x00000007be700000,0x00000007bee0d350,0x00000007bf380000)
  to   space 12800K, 0% used [0x00000007bf380000,0x00000007bf380000,0x00000007c0000000)
 ParOldGen       total 110592K, used 34953K [0x0000000725600000, 0x000000072c200000, 0x000000078c780000)
  object space 110592K, 31% used [0x0000000725600000,0x0000000727822608,0x000000072c200000)
 Metaspace       used 41084K, capacity 55075K, committed 55168K, reserved 1087488K
  class space    used 11203K, capacity 16255K, committed 16256K, reserved 1048576K
}
Event: 15,016 GC heap before
{Heap before GC invocations=14 (full 2):
 PSYoungGen      total 831488K, used 412351K [0x000000078c780000, 0x00000007c0000000, 0x00000007c0000000)
  eden space 818688K, 49% used [0x000000078c780000,0x00000007a53229b8,0x00000007be700000)
  from space 12800K, 56% used [0x00000007be700000,0x00000007bee0d350,0x00000007bf380000)
  to   space 12800K, 0% used [0x00000007bf380000,0x00000007bf380000,0x00000007c0000000)
 ParOldGen       total 110592K, used 34953K [0x0000000725600000, 0x000000072c200000, 0x000000078c780000)
  object space 110592K, 31% used [0x0000000725600000,0x0000000727822608,0x000000072c200000)
 Metaspace       used 43450K, capacity 59065K, committed 59160K, reserved 1091584K
  class space    used 11928K, capacity 17529K, committed 17536K, reserved 1048576K
Event: 15,028 GC heap after
Heap after GC invocations=14 (full 2):
 PSYoungGen      total 830464K, used 11040K [0x000000078c780000, 0x00000007c0000000, 0x00000007c0000000)
  eden space 817664K, 0% used [0x000000078c780000,0x000000078c780000,0x00000007be600000)
  from space 12800K, 86% used [0x00000007bf380000,0x00000007bfe48000,0x00000007c0000000)
  to   space 13312K, 0% used [0x00000007be600000,0x00000007be600000,0x00000007bf300000)
 ParOldGen       total 110592K, used 34961K [0x0000000725600000, 0x000000072c200000, 0x000000078c780000)
  object space 110592K, 31% used [0x0000000725600000,0x0000000727824608,0x000000072c200000)
 Metaspace       used 43450K, capacity 59065K, committed 59160K, reserved 1091584K
  class space    used 11928K, capacity 17529K, committed 17536K, reserved 1048576K
}
Event: 15,028 GC heap before
{Heap before GC invocations=15 (full 3):
 PSYoungGen      total 830464K, used 11040K [0x000000078c780000, 0x00000007c0000000, 0x00000007c0000000)
  eden space 817664K, 0% used [0x000000078c780000,0x000000078c780000,0x00000007be600000)
  from space 12800K, 86% used [0x00000007bf380000,0x00000007bfe48000,0x00000007c0000000)
  to   space 13312K, 0% used [0x00000007be600000,0x00000007be600000,0x00000007bf300000)
 ParOldGen       total 110592K, used 34961K [0x0000000725600000, 0x000000072c200000, 0x000000078c780000)
  object space 110592K, 31% used [0x0000000725600000,0x0000000727824608,0x000000072c200000)
 Metaspace       used 43450K, capacity 59065K, committed 59160K, reserved 1091584K
  class space    used 11928K, capacity 17529K, committed 17536K, reserved 1048576K
Event: 15,425 GC heap after
Heap after GC invocations=15 (full 3):
 PSYoungGen      total 830464K, used 0K [0x000000078c780000, 0x00000007c0000000, 0x00000007c0000000)
  eden space 817664K, 0% used [0x000000078c780000,0x000000078c780000,0x00000007be600000)
  from space 12800K, 0% used [0x00000007bf380000,0x00000007bf380000,0x00000007c0000000)
  to   space 13312K, 0% used [0x00000007be600000,0x00000007be600000,0x00000007bf300000)
 ParOldGen       total 160768K, used 43655K [0x0000000725600000, 0x000000072f300000, 0x000000078c780000)
  object space 160768K, 27% used [0x0000000725600000,0x00000007280a1e10,0x000000072f300000)
 Metaspace       used 43450K, capacity 59065K, committed 59160K, reserved 1091584K
  class space    used 11928K, capacity 17529K, committed 17536K, reserved 1048576K
}
Event: 18,219 GC heap before
{Heap before GC invocations=16 (full 3):
 PSYoungGen      total 830464K, used 817664K [0x000000078c780000, 0x00000007c0000000, 0x00000007c0000000)
  eden space 817664K, 100% used [0x000000078c780000,0x00000007be600000,0x00000007be600000)
  from space 12800K, 0% used [0x00000007bf380000,0x00000007bf380000,0x00000007c0000000)
  to   space 13312K, 0% used [0x00000007be600000,0x00000007be600000,0x00000007bf300000)
 ParOldGen       total 160768K, used 43655K [0x0000000725600000, 0x000000072f300000, 0x000000078c780000)
  object space 160768K, 27% used [0x0000000725600000,0x00000007280a1e10,0x000000072f300000)
 Metaspace       used 51172K, capacity 72285K, committed 72448K, reserved 1099776K
  class space    used 14194K, capacity 21484K, committed 21504K, reserved 1048576K
Event: 18,233 GC heap after
Heap after GC invocations=16 (full 3):
 PSYoungGen      total 830976K, used 8600K [0x000000078c780000, 0x00000007bff80000, 0x00000007c0000000)
  eden space 817664K, 0% used [0x000000078c780000,0x000000078c780000,0x00000007be600000)
  from space 13312K, 64% used [0x00000007be600000,0x00000007bee662f8,0x00000007bf300000)
  to   space 12800K, 0% used [0x00000007bf300000,0x00000007bf300000,0x00000007bff80000)
 ParOldGen       total 160768K, used 43663K [0x0000000725600000, 0x000000072f300000, 0x000000078c780000)
  object space 160768K, 27% used [0x0000000725600000,0x00000007280a3e10,0x000000072f300000)
 Metaspace       used 51172K, capacity 72285K, committed 72448K, reserved 1099776K
  class space    used 14194K, capacity 21484K, committed 21504K, reserved 1048576K
}

