# JRE version: OpenJDK Runtime Environment (8.0_60-b24) (build 1.8.0_60-b24)
# Java VM: OpenJDK 64-Bit Server VM (25.60-b23 mixed mode linux-amd64 compressed oops)
Heap:
 PSYoungGen      total 831488K, used 54319K [0x000000078c780000, 0x00000007c0000000, 0x00000007c0000000)
  eden space 819712K, 6% used [0x000000078c780000,0x000000078fc8bd20,0x00000007be800000)
  from space 11776K, 0% used [0x00000007bf380000,0x00000007bf380000,0x00000007bff00000)
  to   space 11776K, 0% used [0x00000007be800000,0x00000007be800000,0x00000007bf380000)
 ParOldGen       total 156672K, used 43955K [0x0000000725600000, 0x000000072ef00000, 0x000000078c780000)
  object space 156672K, 28% used [0x0000000725600000,0x00000007280ecce0,0x000000072ef00000)
 Metaspace       used 43572K, capacity 59231K, committed 59520K, reserved 1091584K
  class space    used 11569K, capacity 16902K, committed 17024K, reserved 1048576K
GC Heap History (10 events):
Event: 10,875 GC heap before
{Heap before GC invocations=11 (full 2):
 PSYoungGen      total 647168K, used 10912K [0x000000078c780000, 0x00000007c0000000, 0x00000007c0000000)
  eden space 635904K, 0% used [0x000000078c780000,0x000000078c780000,0x00000007b3480000)
  from space 11264K, 96% used [0x00000007b3480000,0x00000007b3f28020,0x00000007b3f80000)
  to   space 12288K, 0% used [0x00000007bf400000,0x00000007bf400000,0x00000007c0000000)
 ParOldGen       total 74752K, used 15911K [0x0000000725600000, 0x0000000729f00000, 0x000000078c780000)
  object space 74752K, 21% used [0x0000000725600000,0x0000000726589f50,0x0000000729f00000)
 Metaspace       used 29025K, capacity 35359K, committed 35496K, reserved 1075200K
  class space    used 7013K, capacity 9215K, committed 9216K, reserved 1048576K
Event: 10,958 GC heap after
Heap after GC invocations=11 (full 2):
 PSYoungGen      total 647168K, used 0K [0x000000078c780000, 0x00000007c0000000, 0x00000007c0000000)
  eden space 635904K, 0% used [0x000000078c780000,0x000000078c780000,0x00000007b3480000)
  from space 11264K, 0% used [0x00000007b3480000,0x00000007b3480000,0x00000007b3f80000)
  to   space 12288K, 0% used [0x00000007bf400000,0x00000007bf400000,0x00000007c0000000)
 ParOldGen       total 105984K, used 26122K [0x0000000725600000, 0x000000072bd80000, 0x000000078c780000)
  object space 105984K, 24% used [0x0000000725600000,0x0000000726f829b0,0x000000072bd80000)
 Metaspace       used 29025K, capacity 35359K, committed 35496K, reserved 1075200K
  class space    used 7013K, capacity 9215K, committed 9216K, reserved 1048576K
}
Event: 12,643 GC heap before
{Heap before GC invocations=12 (full 2):
 PSYoungGen      total 647168K, used 635904K [0x000000078c780000, 0x00000007c0000000, 0x00000007c0000000)
  eden space 635904K, 100% used [0x000000078c780000,0x00000007b3480000,0x00000007b3480000)
  from space 11264K, 0% used [0x00000007b3480000,0x00000007b3480000,0x00000007b3f80000)
  to   space 12288K, 0% used [0x00000007bf400000,0x00000007bf400000,0x00000007c0000000)
 ParOldGen       total 105984K, used 26122K [0x0000000725600000, 0x000000072bd80000, 0x000000078c780000)
  object space 105984K, 24% used [0x0000000725600000,0x0000000726f829b0,0x000000072bd80000)
 Metaspace       used 33076K, capacity 41477K, committed 41728K, reserved 1079296K
  class space    used 8450K, capacity 11513K, committed 11520K, reserved 1048576K
Event: 12,653 GC heap after
Heap after GC invocations=12 (full 2):
 PSYoungGen      total 832000K, used 6390K [0x000000078c780000, 0x00000007c0000000, 0x00000007c0000000)
  eden space 819712K, 0% used [0x000000078c780000,0x000000078c780000,0x00000007be800000)
  from space 12288K, 52% used [0x00000007bf400000,0x00000007bfa3d8f8,0x00000007c0000000)
  to   space 12288K, 0% used [0x00000007be800000,0x00000007be800000,0x00000007bf400000)
 ParOldGen       total 105984K, used 26130K [0x0000000725600000, 0x000000072bd80000, 0x000000078c780000)
  object space 105984K, 24% used [0x0000000725600000,0x0000000726f849b0,0x000000072bd80000)
 Metaspace       used 33076K, capacity 41477K, committed 41728K, reserved 1079296K
  class space    used 8450K, capacity 11513K, committed 11520K, reserved 1048576K
}
Event: 14,382 GC heap before
{Heap before GC invocations=13 (full 2):
 PSYoungGen      total 832000K, used 826102K [0x000000078c780000, 0x00000007c0000000, 0x00000007c0000000)
  eden space 819712K, 100% used [0x000000078c780000,0x00000007be800000,0x00000007be800000)
  from space 12288K, 52% used [0x00000007bf400000,0x00000007bfa3d8f8,0x00000007c0000000)
  to   space 12288K, 0% used [0x00000007be800000,0x00000007be800000,0x00000007bf400000)
 ParOldGen       total 105984K, used 26130K [0x0000000725600000, 0x000000072bd80000, 0x000000078c780000)
  object space 105984K, 24% used [0x0000000725600000,0x0000000726f849b0,0x000000072bd80000)
 Metaspace       used 36941K, capacity 47823K, committed 47872K, reserved 1083392K
  class space    used 9620K, capacity 13539K, committed 13568K, reserved 1048576K
Event: 14,404 GC heap after
Heap after GC invocations=13 (full 2):
 PSYoungGen      total 827904K, used 7968K [0x000000078c780000, 0x00000007bff00000, 0x00000007c0000000)
  eden space 819712K, 0% used [0x000000078c780000,0x000000078c780000,0x00000007be800000)
  from space 8192K, 97% used [0x00000007be800000,0x00000007befc8000,0x00000007bf000000)
  to   space 11776K, 0% used [0x00000007bf380000,0x00000007bf380000,0x00000007bff00000)
 ParOldGen       total 105984K, used 31646K [0x0000000725600000, 0x000000072bd80000, 0x000000078c780000)
  object space 105984K, 29% used [0x0000000725600000,0x00000007274e7848,0x000000072bd80000)
 Metaspace       used 36941K, capacity 47823K, committed 47872K, reserved 1083392K
  class space    used 9620K, capacity 13539K, committed 13568K, reserved 1048576K
}
Event: 16,565 GC heap before
{Heap before GC invocations=14 (full 2):
 PSYoungGen      total 827904K, used 648815K [0x000000078c780000, 0x00000007bff00000, 0x00000007c0000000)
  eden space 819712K, 78% used [0x000000078c780000,0x00000007b3953ea0,0x00000007be800000)
  from space 8192K, 97% used [0x00000007be800000,0x00000007befc8000,0x00000007bf000000)
  to   space 11776K, 0% used [0x00000007bf380000,0x00000007bf380000,0x00000007bff00000)
 ParOldGen       total 105984K, used 31646K [0x0000000725600000, 0x000000072bd80000, 0x000000078c780000)
  object space 105984K, 29% used [0x0000000725600000,0x00000007274e7848,0x000000072bd80000)
 Metaspace       used 43412K, capacity 59081K, committed 59136K, reserved 1091584K
  class space    used 11535K, capacity 16873K, committed 16896K, reserved 1048576K
Event: 16,584 GC heap after
Heap after GC invocations=14 (full 2):
 PSYoungGen      total 831488K, used 6200K [0x000000078c780000, 0x00000007c0000000, 0x00000007c0000000)
  eden space 819712K, 0% used [0x000000078c780000,0x000000078c780000,0x00000007be800000)
  from space 11776K, 52% used [0x00000007bf380000,0x00000007bf98e2e8,0x00000007bff00000)
  to   space 11776K, 0% used [0x00000007be800000,0x00000007be800000,0x00000007bf380000)
 ParOldGen       total 105984K, used 39396K [0x0000000725600000, 0x000000072bd80000, 0x000000078c780000)
  object space 105984K, 37% used [0x0000000725600000,0x0000000727c79198,0x000000072bd80000)
 Metaspace       used 43412K, capacity 59081K, committed 59136K, reserved 1091584K
  class space    used 11535K, capacity 16873K, committed 16896K, reserved 1048576K
}
Event: 16,585 GC heap before
{Heap before GC invocations=15 (full 3):
 PSYoungGen      total 831488K, used 6200K [0x000000078c780000, 0x00000007c0000000, 0x00000007c0000000)
  eden space 819712K, 0% used [0x000000078c780000,0x000000078c780000,0x00000007be800000)
  from space 11776K, 52% used [0x00000007bf380000,0x00000007bf98e2e8,0x00000007bff00000)
  to   space 11776K, 0% used [0x00000007be800000,0x00000007be800000,0x00000007bf380000)
 ParOldGen       total 105984K, used 39396K [0x0000000725600000, 0x000000072bd80000, 0x000000078c780000)
  object space 105984K, 37% used [0x0000000725600000,0x0000000727c79198,0x000000072bd80000)
 Metaspace       used 43412K, capacity 59081K, committed 59136K, reserved 1091584K
  class space    used 11535K, capacity 16873K, committed 16896K, reserved 1048576K
Event: 16,983 GC heap after
Heap after GC invocations=15 (full 3):
 PSYoungGen      total 831488K, used 0K [0x000000078c780000, 0x00000007c0000000, 0x00000007c0000000)
  eden space 819712K, 0% used [0x000000078c780000,0x000000078c780000,0x00000007be800000)
  from space 11776K, 0% used [0x00000007bf380000,0x00000007bf380000,0x00000007bff00000)
  to   space 11776K, 0% used [0x00000007be800000,0x00000007be800000,0x00000007bf380000)
 ParOldGen       total 156672K, used 43955K [0x0000000725600000, 0x000000072ef00000, 0x000000078c780000)
  object space 156672K, 28% used [0x0000000725600000,0x00000007280ecce0,0x000000072ef00000)
 Metaspace       used 43412K, capacity 59081K, committed 59136K, reserved 1091584K
  class space    used 11535K, capacity 16873K, committed 16896K, reserved 1048576K
}

