# JRE version: OpenJDK Runtime Environment (8.0_60-b24) (build 1.8.0_60-b24)
# Java VM: OpenJDK 64-Bit Server VM (25.60-b23 mixed mode linux-amd64 compressed oops)
Heap:
 PSYoungGen      total 828928K, used 59352K [0x000000078c780000, 0x00000007c0000000, 0x00000007c0000000)
  eden space 815616K, 7% used [0x000000078c780000,0x00000007901760a8,0x00000007be400000)
  from space 13312K, 0% used [0x00000007bf300000,0x00000007bf300000,0x00000007c0000000)
  to   space 14336K, 0% used [0x00000007be400000,0x00000007be400000,0x00000007bf200000)
 ParOldGen       total 160768K, used 43782K [0x0000000725600000, 0x000000072f300000, 0x000000078c780000)
  object space 160768K, 27% used [0x0000000725600000,0x00000007280c18e8,0x000000072f300000)
 Metaspace       used 43576K, capacity 59235K, committed 59520K, reserved 1091584K
  class space    used 11569K, capacity 16902K, committed 17024K, reserved 1048576K
GC Heap History (10 events):
Event: 9,157 GC heap before
{Heap before GC invocations=11 (full 2):
 PSYoungGen      total 648704K, used 10956K [0x000000078c780000, 0x00000007c0000000, 0x00000007c0000000)
  eden space 636416K, 0% used [0x000000078c780000,0x000000078c780000,0x00000007b3500000)
  from space 12288K, 89% used [0x00000007b3500000,0x00000007b3fb33c8,0x00000007b4100000)
  to   space 13312K, 0% used [0x00000007bf300000,0x00000007bf300000,0x00000007c0000000)
 ParOldGen       total 75776K, used 15821K [0x0000000725600000, 0x000000072a000000, 0x000000078c780000)
  object space 75776K, 20% used [0x0000000725600000,0x00000007265735f0,0x000000072a000000)
 Metaspace       used 29020K, capacity 35359K, committed 35496K, reserved 1075200K
  class space    used 7014K, capacity 9215K, committed 9216K, reserved 1048576K
Event: 9,235 GC heap after
Heap after GC invocations=11 (full 2):
 PSYoungGen      total 648704K, used 0K [0x000000078c780000, 0x00000007c0000000, 0x00000007c0000000)
  eden space 636416K, 0% used [0x000000078c780000,0x000000078c780000,0x00000007b3500000)
  from space 12288K, 0% used [0x00000007b3500000,0x00000007b3500000,0x00000007b4100000)
  to   space 13312K, 0% used [0x00000007bf300000,0x00000007bf300000,0x00000007c0000000)
 ParOldGen       total 108544K, used 26129K [0x0000000725600000, 0x000000072c000000, 0x000000078c780000)
  object space 108544K, 24% used [0x0000000725600000,0x0000000726f84610,0x000000072c000000)
 Metaspace       used 29020K, capacity 35359K, committed 35496K, reserved 1075200K
  class space    used 7014K, capacity 9215K, committed 9216K, reserved 1048576K
}
Event: 10,892 GC heap before
{Heap before GC invocations=12 (full 2):
 PSYoungGen      total 648704K, used 636416K [0x000000078c780000, 0x00000007c0000000, 0x00000007c0000000)
  eden space 636416K, 100% used [0x000000078c780000,0x00000007b3500000,0x00000007b3500000)
  from space 12288K, 0% used [0x00000007b3500000,0x00000007b3500000,0x00000007b4100000)
  to   space 13312K, 0% used [0x00000007bf300000,0x00000007bf300000,0x00000007c0000000)
 ParOldGen       total 108544K, used 26129K [0x0000000725600000, 0x000000072c000000, 0x000000078c780000)
  object space 108544K, 24% used [0x0000000725600000,0x0000000726f84610,0x000000072c000000)
 Metaspace       used 33076K, capacity 41477K, committed 41728K, reserved 1079296K
  class space    used 8451K, capacity 11513K, committed 11520K, reserved 1048576K
Event: 10,905 GC heap after
Heap after GC invocations=12 (full 2):
 PSYoungGen      total 831488K, used 6421K [0x000000078c780000, 0x00000007c0000000, 0x00000007c0000000)
  eden space 818176K, 0% used [0x000000078c780000,0x000000078c780000,0x00000007be680000)
  from space 13312K, 48% used [0x00000007bf300000,0x00000007bf945518,0x00000007c0000000)
  to   space 12800K, 0% used [0x00000007be680000,0x00000007be680000,0x00000007bf300000)
 ParOldGen       total 108544K, used 26137K [0x0000000725600000, 0x000000072c000000, 0x000000078c780000)
  object space 108544K, 24% used [0x0000000725600000,0x0000000726f86610,0x000000072c000000)
 Metaspace       used 33076K, capacity 41477K, committed 41728K, reserved 1079296K
  class space    used 8451K, capacity 11513K, committed 11520K, reserved 1048576K
}
Event: 12,634 GC heap before
{Heap before GC invocations=13 (full 2):
 PSYoungGen      total 831488K, used 824597K [0x000000078c780000, 0x00000007c0000000, 0x00000007c0000000)
  eden space 818176K, 100% used [0x000000078c780000,0x00000007be680000,0x00000007be680000)
  from space 13312K, 48% used [0x00000007bf300000,0x00000007bf945518,0x00000007c0000000)
  to   space 12800K, 0% used [0x00000007be680000,0x00000007be680000,0x00000007bf300000)
 ParOldGen       total 108544K, used 26137K [0x0000000725600000, 0x000000072c000000, 0x000000078c780000)
  object space 108544K, 24% used [0x0000000725600000,0x0000000726f86610,0x000000072c000000)
 Metaspace       used 37021K, capacity 47917K, committed 48128K, reserved 1083392K
  class space    used 9645K, capacity 13549K, committed 13568K, reserved 1048576K
Event: 12,655 GC heap after
Heap after GC invocations=13 (full 2):
 PSYoungGen      total 830976K, used 12784K [0x000000078c780000, 0x00000007c0000000, 0x00000007c0000000)
  eden space 818176K, 0% used [0x000000078c780000,0x000000078c780000,0x00000007be680000)
  from space 12800K, 99% used [0x00000007be680000,0x00000007bf2fc040,0x00000007bf300000)
  to   space 13312K, 0% used [0x00000007bf300000,0x00000007bf300000,0x00000007c0000000)
 ParOldGen       total 108544K, used 26777K [0x0000000725600000, 0x000000072c000000, 0x000000078c780000)
  object space 108544K, 24% used [0x0000000725600000,0x0000000727026478,0x000000072c000000)
 Metaspace       used 37021K, capacity 47917K, committed 48128K, reserved 1083392K
  class space    used 9645K, capacity 13549K, committed 13568K, reserved 1048576K
}
Event: 14,740 GC heap before
{Heap before GC invocations=14 (full 2):
 PSYoungGen      total 830976K, used 650061K [0x000000078c780000, 0x00000007c0000000, 0x00000007c0000000)
  eden space 818176K, 77% used [0x000000078c780000,0x00000007b35d7718,0x00000007be680000)
  from space 12800K, 99% used [0x00000007be680000,0x00000007bf2fc040,0x00000007bf300000)
  to   space 13312K, 0% used [0x00000007bf300000,0x00000007bf300000,0x00000007c0000000)
 ParOldGen       total 108544K, used 26777K [0x0000000725600000, 0x000000072c000000, 0x000000078c780000)
  object space 108544K, 24% used [0x0000000725600000,0x0000000727026478,0x000000072c000000)
 Metaspace       used 43401K, capacity 59045K, committed 59136K, reserved 1091584K
  class space    used 11531K, capacity 16841K, committed 16896K, reserved 1048576K
Event: 14,763 GC heap after
Heap after GC invocations=14 (full 2):
 PSYoungGen      total 828928K, used 6121K [0x000000078c780000, 0x00000007c0000000, 0x00000007c0000000)
  eden space 815616K, 0% used [0x000000078c780000,0x000000078c780000,0x00000007be400000)
  from space 13312K, 45% used [0x00000007bf300000,0x00000007bf8fa5e8,0x00000007c0000000)
  to   space 14336K, 0% used [0x00000007be400000,0x00000007be400000,0x00000007bf200000)
 ParOldGen       total 108544K, used 39549K [0x0000000725600000, 0x000000072c000000, 0x000000078c780000)
  object space 108544K, 36% used [0x0000000725600000,0x0000000727c9f4b8,0x000000072c000000)
 Metaspace       used 43401K, capacity 59045K, committed 59136K, reserved 1091584K
  class space    used 11531K, capacity 16841K, committed 16896K, reserved 1048576K
}
Event: 14,763 GC heap before
{Heap before GC invocations=15 (full 3):
 PSYoungGen      total 828928K, used 6121K [0x000000078c780000, 0x00000007c0000000, 0x00000007c0000000)
  eden space 815616K, 0% used [0x000000078c780000,0x000000078c780000,0x00000007be400000)
  from space 13312K, 45% used [0x00000007bf300000,0x00000007bf8fa5e8,0x00000007c0000000)
  to   space 14336K, 0% used [0x00000007be400000,0x00000007be400000,0x00000007bf200000)
 ParOldGen       total 108544K, used 39549K [0x0000000725600000, 0x000000072c000000, 0x000000078c780000)
  object space 108544K, 36% used [0x0000000725600000,0x0000000727c9f4b8,0x000000072c000000)
 Metaspace       used 43401K, capacity 59045K, committed 59136K, reserved 1091584K
  class space    used 11531K, capacity 16841K, committed 16896K, reserved 1048576K
Event: 15,140 GC heap after
Heap after GC invocations=15 (full 3):
 PSYoungGen      total 828928K, used 0K [0x000000078c780000, 0x00000007c0000000, 0x00000007c0000000)
  eden space 815616K, 0% used [0x000000078c780000,0x000000078c780000,0x00000007be400000)
  from space 13312K, 0% used [0x00000007bf300000,0x00000007bf300000,0x00000007c0000000)
  to   space 14336K, 0% used [0x00000007be400000,0x00000007be400000,0x00000007bf200000)
 ParOldGen       total 160768K, used 43782K [0x0000000725600000, 0x000000072f300000, 0x000000078c780000)
  object space 160768K, 27% used [0x0000000725600000,0x00000007280c18e8,0x000000072f300000)
 Metaspace       used 43401K, capacity 59045K, committed 59136K, reserved 1091584K
  class space    used 11531K, capacity 16841K, committed 16896K, reserved 1048576K
}

