# JRE version: OpenJDK Runtime Environment (8.0_60-b24) (build 1.8.0_60-b24)
# Java VM: OpenJDK 64-Bit Server VM (25.60-b23 mixed mode linux-amd64 compressed oops)
Heap:
 PSYoungGen      total 831488K, used 15262K [0x000000078c780000, 0x00000007bff00000, 0x00000007c0000000)
  eden space 820736K, 1% used [0x000000078c780000,0x000000078d667b10,0x00000007be900000)
  from space 10752K, 0% used [0x00000007bf480000,0x00000007bf480000,0x00000007bff00000)
  to   space 11264K, 0% used [0x00000007be900000,0x00000007be900000,0x00000007bf400000)
 ParOldGen       total 163328K, used 44493K [0x0000000725600000, 0x000000072f580000, 0x000000078c780000)
  object space 163328K, 27% used [0x0000000725600000,0x0000000728173730,0x000000072f580000)
 Metaspace       used 43521K, capacity 59231K, committed 59544K, reserved 1091584K
  class space    used 11561K, capacity 16922K, committed 17024K, reserved 1048576K
GC Heap History (10 events):
Event: 16,162 GC heap before
{Heap before GC invocations=11 (full 2):
 PSYoungGen      total 647168K, used 10748K [0x000000078c780000, 0x00000007bff00000, 0x00000007c0000000)
  eden space 636416K, 0% used [0x000000078c780000,0x000000078c780000,0x00000007b3500000)
  from space 10752K, 99% used [0x00000007b3500000,0x00000007b3f7f3f8,0x00000007b3f80000)
  to   space 11776K, 0% used [0x00000007bf380000,0x00000007bf380000,0x00000007bff00000)
 ParOldGen       total 77312K, used 15992K [0x0000000725600000, 0x000000072a180000, 0x000000078c780000)
  object space 77312K, 20% used [0x0000000725600000,0x000000072659e030,0x000000072a180000)
 Metaspace       used 29010K, capacity 35359K, committed 35496K, reserved 1075200K
  class space    used 7013K, capacity 9215K, committed 9216K, reserved 1048576K
Event: 16,238 GC heap after
Heap after GC invocations=11 (full 2):
 PSYoungGen      total 647168K, used 0K [0x000000078c780000, 0x00000007bff00000, 0x00000007c0000000)
  eden space 636416K, 0% used [0x000000078c780000,0x000000078c780000,0x00000007b3500000)
  from space 10752K, 0% used [0x00000007b3500000,0x00000007b3500000,0x00000007b3f80000)
  to   space 11776K, 0% used [0x00000007bf380000,0x00000007bf380000,0x00000007bff00000)
 ParOldGen       total 109568K, used 26097K [0x0000000725600000, 0x000000072c100000, 0x000000078c780000)
  object space 109568K, 23% used [0x0000000725600000,0x0000000726f7c728,0x000000072c100000)
 Metaspace       used 29010K, capacity 35359K, committed 35496K, reserved 1075200K
  class space    used 7013K, capacity 9215K, committed 9216K, reserved 1048576K
}
Event: 17,946 GC heap before
{Heap before GC invocations=12 (full 2):
 PSYoungGen      total 647168K, used 636416K [0x000000078c780000, 0x00000007bff00000, 0x00000007c0000000)
  eden space 636416K, 100% used [0x000000078c780000,0x00000007b3500000,0x00000007b3500000)
  from space 10752K, 0% used [0x00000007b3500000,0x00000007b3500000,0x00000007b3f80000)
  to   space 11776K, 0% used [0x00000007bf380000,0x00000007bf380000,0x00000007bff00000)
 ParOldGen       total 109568K, used 26097K [0x0000000725600000, 0x000000072c100000, 0x000000078c780000)
  object space 109568K, 23% used [0x0000000725600000,0x0000000726f7c728,0x000000072c100000)
 Metaspace       used 33065K, capacity 41491K, committed 41728K, reserved 1079296K
  class space    used 8455K, capacity 11519K, committed 11520K, reserved 1048576K
Event: 17,958 GC heap after
Heap after GC invocations=12 (full 2):
 PSYoungGen      total 831488K, used 6420K [0x000000078c780000, 0x00000007c0000000, 0x00000007c0000000)
  eden space 819712K, 0% used [0x000000078c780000,0x000000078c780000,0x00000007be800000)
  from space 11776K, 54% used [0x00000007bf380000,0x00000007bf9c5160,0x00000007bff00000)
  to   space 11776K, 0% used [0x00000007be800000,0x00000007be800000,0x00000007bf380000)
 ParOldGen       total 109568K, used 26105K [0x0000000725600000, 0x000000072c100000, 0x000000078c780000)
  object space 109568K, 23% used [0x0000000725600000,0x0000000726f7e728,0x000000072c100000)
 Metaspace       used 33065K, capacity 41491K, committed 41728K, reserved 1079296K
  class space    used 8455K, capacity 11519K, committed 11520K, reserved 1048576K
}
Event: 19,647 GC heap before
{Heap before GC invocations=13 (full 2):
 PSYoungGen      total 831488K, used 826132K [0x000000078c780000, 0x00000007c0000000, 0x00000007c0000000)
  eden space 819712K, 100% used [0x000000078c780000,0x00000007be800000,0x00000007be800000)
  from space 11776K, 54% used [0x00000007bf380000,0x00000007bf9c5160,0x00000007bff00000)
  to   space 11776K, 0% used [0x00000007be800000,0x00000007be800000,0x00000007bf380000)
 ParOldGen       total 109568K, used 26105K [0x0000000725600000, 0x000000072c100000, 0x000000078c780000)
  object space 109568K, 23% used [0x0000000725600000,0x0000000726f7e728,0x000000072c100000)
 Metaspace       used 37052K, capacity 47939K, committed 48256K, reserved 1083392K
  class space    used 9666K, capacity 13579K, committed 13696K, reserved 1048576K
Event: 19,667 GC heap after
Heap after GC invocations=13 (full 2):
 PSYoungGen      total 831488K, used 8080K [0x000000078c780000, 0x00000007c0000000, 0x00000007c0000000)
  eden space 819712K, 0% used [0x000000078c780000,0x000000078c780000,0x00000007be800000)
  from space 11776K, 68% used [0x00000007be800000,0x00000007befe4010,0x00000007bf380000)
  to   space 11776K, 0% used [0x00000007bf480000,0x00000007bf480000,0x00000007c0000000)
 ParOldGen       total 109568K, used 31629K [0x0000000725600000, 0x000000072c100000, 0x000000078c780000)
  object space 109568K, 28% used [0x0000000725600000,0x00000007274e3500,0x000000072c100000)
 Metaspace       used 37052K, capacity 47939K, committed 48256K, reserved 1083392K
  class space    used 9666K, capacity 13579K, committed 13696K, reserved 1048576K
}
Event: 21,817 GC heap before
{Heap before GC invocations=14 (full 2):
 PSYoungGen      total 831488K, used 661822K [0x000000078c780000, 0x00000007c0000000, 0x00000007c0000000)
  eden space 819712K, 79% used [0x000000078c780000,0x00000007b45eb870,0x00000007be800000)
  from space 11776K, 68% used [0x00000007be800000,0x00000007befe4010,0x00000007bf380000)
  to   space 11776K, 0% used [0x00000007bf480000,0x00000007bf480000,0x00000007c0000000)
 ParOldGen       total 109568K, used 31629K [0x0000000725600000, 0x000000072c100000, 0x000000078c780000)
  object space 109568K, 28% used [0x0000000725600000,0x00000007274e3500,0x000000072c100000)
 Metaspace       used 43470K, capacity 59131K, committed 59160K, reserved 1091584K
  class space    used 11553K, capacity 16890K, committed 16896K, reserved 1048576K
Event: 21,838 GC heap after
Heap after GC invocations=14 (full 2):
 PSYoungGen      total 831488K, used 6680K [0x000000078c780000, 0x00000007bff00000, 0x00000007c0000000)
  eden space 820736K, 0% used [0x000000078c780000,0x000000078c780000,0x00000007be900000)
  from space 10752K, 62% used [0x00000007bf480000,0x00000007bfb062e8,0x00000007bff00000)
  to   space 11264K, 0% used [0x00000007be900000,0x00000007be900000,0x00000007bf400000)
 ParOldGen       total 109568K, used 39462K [0x0000000725600000, 0x000000072c100000, 0x000000078c780000)
  object space 109568K, 36% used [0x0000000725600000,0x0000000727c89938,0x000000072c100000)
 Metaspace       used 43470K, capacity 59131K, committed 59160K, reserved 1091584K
  class space    used 11553K, capacity 16890K, committed 16896K, reserved 1048576K
}
Event: 21,838 GC heap before
{Heap before GC invocations=15 (full 3):
 PSYoungGen      total 831488K, used 6680K [0x000000078c780000, 0x00000007bff00000, 0x00000007c0000000)
  eden space 820736K, 0% used [0x000000078c780000,0x000000078c780000,0x00000007be900000)
  from space 10752K, 62% used [0x00000007bf480000,0x00000007bfb062e8,0x00000007bff00000)
  to   space 11264K, 0% used [0x00000007be900000,0x00000007be900000,0x00000007bf400000)
 ParOldGen       total 109568K, used 39462K [0x0000000725600000, 0x000000072c100000, 0x000000078c780000)
  object space 109568K, 36% used [0x0000000725600000,0x0000000727c89938,0x000000072c100000)
 Metaspace       used 43470K, capacity 59131K, committed 59160K, reserved 1091584K
  class space    used 11553K, capacity 16890K, committed 16896K, reserved 1048576K
Event: 22,244 GC heap after
Heap after GC invocations=15 (full 3):
 PSYoungGen      total 831488K, used 0K [0x000000078c780000, 0x00000007bff00000, 0x00000007c0000000)
  eden space 820736K, 0% used [0x000000078c780000,0x000000078c780000,0x00000007be900000)
  from space 10752K, 0% used [0x00000007bf480000,0x00000007bf480000,0x00000007bff00000)
  to   space 11264K, 0% used [0x00000007be900000,0x00000007be900000,0x00000007bf400000)
 ParOldGen       total 163328K, used 44493K [0x0000000725600000, 0x000000072f580000, 0x000000078c780000)
  object space 163328K, 27% used [0x0000000725600000,0x0000000728173730,0x000000072f580000)
 Metaspace       used 43470K, capacity 59131K, committed 59160K, reserved 1091584K
  class space    used 11553K, capacity 16890K, committed 16896K, reserved 1048576K
}

